about-distro					install
account-plugin-facebook				install
account-plugin-flickr				install
account-plugin-google				install
account-plugin-icons				install
account-plugin-identica				install
account-plugin-twitter				install
account-plugin-windows-live			install
accountsservice					install
acl						install
acpi-support					install
acpid						install
acpidump					install
activity-log-manager-common			install
add-apt-key					install
adduser						install
akonadi-backend-mysql				install
akonadi-server					install
akregator					install
alsa-base					install
alsa-utils					install
amarok						install
amarok-common					install
amarok-utils					install
anacron						install
android-tools-adb				install
ap-hotspot					install
apg						install
app-install-data				install
app-install-data-partner			install
appmenu-qt					install
apport						install
apport-kde					install
apport-symptoms					install
apt						install
apt-transport-https				install
apt-utils					install
apt-xapian-index				install
aptdaemon					install
aptdaemon-data					install
aptitude					install
aptitude-common					install
aptoncd						install
apturl						install
apturl-common					install
apturl-kde					install
aria2						install
arj						install
ark						install
aspell						install
aspell-en					install
at						install
at-spi2-core					install
atomicparsley					install
audiocd-kio					install
avahi-autoipd					install
avahi-daemon					install
avahi-utils					install
avant-window-navigator				install
avant-window-navigator-data			install
awn-applet-animal-farm				install
awn-applet-awn-notification-daemon		install
awn-applet-awn-system-monitor			install
awn-applet-awnterm				install
awn-applet-battery-applet			install
awn-applet-cairo-clock				install
awn-applet-cairo-main-menu			install
awn-applet-comics				install
awn-applet-common-folder			install
awn-applet-cpufreq				install
awn-applet-dialect				install
awn-applet-feeds				install
awn-applet-file-browser-launcher		install
awn-applet-garbage				install
awn-applet-hardware-sensors			install
awn-applet-indicator				install
awn-applet-mail					install
awn-applet-media-control			install
awn-applet-media-icon-applet			install
awn-applet-media-player				install
awn-applet-notification-area			install
awn-applet-quit-applet				install
awn-applet-related				install
awn-applet-shinyswitcher			install
awn-applet-showdesktop				install
awn-applet-stack				install
awn-applet-thinkhdaps				install
awn-applet-todo					install
awn-applet-volume-control			install
awn-applet-webapplet				install
awn-applets-common				install
awn-settings					install
bamfdaemon					install
banshee						install
baobab						install
base-files					install
base-passwd					install
bash						install
bash-completion					install
bbswitch-source					install
bc						install
bind9-host					install
binfmt-support					install
binutils					install
bison						install
bleachbit					install
bluedevil					install
blueman						install
bluetooth					install
bluez						install
bluez-alsa:amd64				install
bluez-cups					install
bluez-gstreamer					install
brasero						install
brasero-cdrkit					install
brasero-common					install
brltty						install
bsdmainutils					install
bsdutils					install
bumblebee					install
bumblebee-config-gtk				install
bumblebee-nvidia				install
busybox-initramfs				install
busybox-static					install
bzip2						install
bzr						install
ca-certificates					install
ca-certificates-java				install
cabextract					install
cairo-dock					install
cairo-dock-core					install
cairo-dock-data					install
cairo-dock-plug-ins:amd64			install
cairo-dock-plug-ins-data			install
cairo-dock-plug-ins-dbus-interface-python	install
cairo-dock-plug-ins-integration:amd64		install
calligra-data					install
calligra-libs					install
caribou						install
cdparanoia					install
cdrdao						install
cheese						install
cheese-common					install
cifs-utils					install
cjs						install
cli-common					install
colord						install
colord-kde					install
command-not-found				install
command-not-found-data				install
compiz						install
compiz-core					install
compiz-gnome					install
compiz-plugins					install
compiz-plugins-default				install
compiz-plugins-extra				install
compizconfig-settings-manager			install
conky						install
conky-all					install
console-setup					install
consolekit					install
coreutils					install
cowsay						install
cpio						install
cpp						install
cpp-4.7						install
cpp-4.8						install
cracklib-runtime				install
crda						install
cron						install
cryptsetup					install
cryptsetup-bin					install
cups						install
cups-bsd					install
cups-client					install
cups-common					install
cups-daemon					install
cups-filters					install
cups-pk-helper					install
cups-ppdc					install
cups-server-common				install
curl						install
dash						install
dbus						install
dbus-x11					install
dc						install
dconf-gsettings-backend:amd64			install
dconf-service					install
debconf						install
debconf-i18n					install
debianutils					install
debugedit					install
deluge						install
deluge-common					install
deluge-gtk					install
desktop-file-utils				install
dh-python					install
dialog						install
dictionaries-common				install
diffstat					install
diffutils					install
disper						install
dkms						install
dmidecode					install
dmsetup						install
dmz-cursor-theme				install
dnsmasq						install
dnsmasq-base					install
dnsutils					install
doc-base					install
docbook-xml					install
docbook-xsl					install
dolphin						install
dosfstools					install
dpkg						install
dpkg-dev					install
dragonplayer					install
dropbox						install
duplicity					install
dvd+rw-tools					install
e2fslibs:amd64					install
e2fsprogs					install
ed						install
eject						install
enchant						install
eog						install
esound-common					deinstall
espeak-data:amd64				install
ethtool						install
evince						install
evince-common					install
evolution-data-server				install
evolution-data-server-common			install
evolution-data-server-goa			install
faenza-icon-theme				install
faience-icon-theme				install
faience-theme					install
fakeroot					install
fancontrol					install
file						install
file-roller					install
findutils					install
firefox						install
firefox-gnome-support				install
firefox-locale-en				install
firmware-addon-dell				install
firmware-tools					install
firmware-tools-cli				install
firmware-tools-common				install
firmware-tools-gui				install
flex						install
folks-common					install
fontconfig					install
fontconfig-config				install
fonts-dejavu					install
fonts-dejavu-core				install
fonts-dejavu-extra				install
fonts-droid					install
fonts-freefont-ttf				install
fonts-horai-umefont				install
fonts-kacst					install
fonts-kacst-one					install
fonts-khmeros-core				install
fonts-lao					install
fonts-liberation				install
fonts-lklug-sinhala				install
fonts-lyx					install
fonts-nanum					install
fonts-opensymbol				install
fonts-sil-abyssinica				install
fonts-sil-padauk				install
fonts-takao-pgothic				install
fonts-thai-tlwg					install
fonts-tibetan-machine				install
fonts-tlwg-garuda				install
fonts-tlwg-kinnari				install
fonts-tlwg-loma					install
fonts-tlwg-mono					install
fonts-tlwg-norasi				install
fonts-tlwg-purisa				install
fonts-tlwg-sawasdee				install
fonts-tlwg-typewriter				install
fonts-tlwg-typist				install
fonts-tlwg-typo					install
fonts-tlwg-umpush				install
fonts-tlwg-waree				install
fonts-unfonts-core				install
foomatic-db-compressed-ppds			install
foomatic-db-engine				install
foomatic-filters				install
fortune-mod					install
fortunes-husse					install
fortunes-min					install
foxitreader					install
freeglut3:amd64					install
freerdp-x11					install
freespacenotifier				install
friendly-recovery				install
ftp						install
fuse						install
galculator					install
gawk						install
gcalctool					install
gcc						install
gcc-4.7-base:amd64				install
gcc-4.7-base:i386				install
gcc-4.8						install
gcc-4.8-base:amd64				install
gcc-4.8-base:i386				install
gconf-service					install
gconf-service-backend				install
gconf2						install
gconf2-common					install
gcr						install
gdb						install
gdebi						install
gdebi-core					install
gedit						install
gedit-common					install
genisoimage					install
geoclue						install
geoclue-ubuntu-geoip				install
geoip-database					install
get-flash-videos				install
get-iplayer					install
gettext-base					install
ghostscript					install
ghostscript-x					install
giblib1:amd64					install
gimp						install
gimp-data					install
gir1.2-accounts-1.0				install
gir1.2-accountsservice-1.0			install
gir1.2-appindicator3-0.1			install
gir1.2-atk-1.0					install
gir1.2-atspi-2.0				install
gir1.2-caribou-1.0				install
gir1.2-cinnamondesktop-3.0			install
gir1.2-clutter-1.0				install
gir1.2-cogl-1.0					install
gir1.2-coglpango-1.0				install
gir1.2-dbusmenu-glib-0.4			install
gir1.2-dee-1.0					install
gir1.2-freedesktop				install
gir1.2-gconf-2.0				install
gir1.2-gdata-0.0				install
gir1.2-gdesktopenums-3.0			install
gir1.2-gdkpixbuf-2.0				install
gir1.2-gkbd-3.0					install
gir1.2-glib-2.0					install
gir1.2-gmenu-3.0				install
gir1.2-gnomebluetooth-1.0			install
gir1.2-gnomedesktop-3.0				install
gir1.2-gnomekeyring-1.0				install
gir1.2-goa-1.0					install
gir1.2-gst-plugins-base-0.10			install
gir1.2-gst-plugins-base-1.0			install
gir1.2-gstreamer-0.10				install
gir1.2-gstreamer-1.0				install
gir1.2-gtk-3.0					install
gir1.2-gtkclutter-1.0				install
gir1.2-gtksource-3.0				install
gir1.2-gtop-2.0					install
gir1.2-gudev-1.0				install
gir1.2-indicate-0.7				install
gir1.2-javascriptcoregtk-3.0			install
gir1.2-json-1.0					install
gir1.2-messagingmenu-1.0			install
gir1.2-muffin-3.0				install
gir1.2-networkmanager-1.0			install
gir1.2-notify-0.7				install
gir1.2-packagekitglib-1.0			install
gir1.2-panelapplet-4.0				install
gir1.2-pango-1.0				install
gir1.2-peas-1.0					install
gir1.2-polkit-1.0				install
gir1.2-rb-3.0					install
gir1.2-signon-1.0				install
gir1.2-soup-2.4					install
gir1.2-syncmenu-0.1				install
gir1.2-totem-1.0				install
gir1.2-totem-plparser-1.0			install
gir1.2-upowerglib-1.0				install
gir1.2-vte-2.90					install
gir1.2-webkit-3.0				install
gir1.2-wnck-3.0					install
gir1.2-xkl-1.0					install
git						install
git-man						install
gjs						install
gkbd-capplet					install
gksu						install
glib-networking:amd64				install
glib-networking-common				install
glib-networking-services			install
gnome-accessibility-themes			install
gnome-applets					install
gnome-applets-data				install
gnome-bluetooth					install
gnome-calculator				install
gnome-color-chooser				install
gnome-control-center				install
gnome-control-center-data			install
gnome-desktop3-data				install
gnome-disk-utility				install
gnome-font-viewer				install
gnome-icon-theme				install
gnome-icon-theme-full				install
gnome-icon-theme-symbolic			install
gnome-keyring					install
gnome-media					install
gnome-menus					install
gnome-mplayer					install
gnome-online-accounts				install
gnome-panel					install
gnome-panel-data				install
gnome-power-manager				install
gnome-screensaver				install
gnome-screenshot				install
gnome-search-tool				install
gnome-session-bin				install
gnome-session-canberra				install
gnome-session-common				install
gnome-session-fallback				install
gnome-session-flashback				install
gnome-settings-daemon				install
gnome-system-log				install
gnome-system-monitor				install
gnome-terminal					install
gnome-terminal-data				install
gnome-themes-standard:amd64			install
gnome-themes-standard-data			install
gnome-user-share				install
gnome-video-effects				install
gnupg						install
gnupg-agent					install
gnupg2						install
google-chrome-stable				install
google-talkplugin				install
gparted						install
gpgsm						install
gpgv						install
gpicview					install
gprolog						install
gprolog-doc					install
grep						install
groff-base					install
growisofs					install
grub-common					install
grub-gfxpayload-lists				install
grub-pc						install
grub-pc-bin					install
grub2-common					install
grub2-theme-mint				install
gsettings-desktop-schemas			install
gsfonts						install
gstreamer0.10-alsa:amd64			install
gstreamer0.10-ffmpeg:amd64			install
gstreamer0.10-gconf:amd64			install
gstreamer0.10-nice:amd64			install
gstreamer0.10-plugins-bad-multiverse		install
gstreamer0.10-plugins-base:amd64		install
gstreamer0.10-plugins-base:i386			install
gstreamer0.10-plugins-base-apps			install
gstreamer0.10-plugins-good:amd64		install
gstreamer0.10-plugins-good:i386			deinstall
gstreamer0.10-plugins-ugly:amd64		install
gstreamer0.10-pulseaudio:amd64			install
gstreamer0.10-qapt				install
gstreamer0.10-tools				install
gstreamer0.10-x:amd64				install
gstreamer1.0-clutter				install
gstreamer1.0-libav:amd64			install
gstreamer1.0-plugins-base:amd64			install
gstreamer1.0-plugins-good:amd64			install
gstreamer1.0-plugins-ugly:amd64			install
gstreamer1.0-pulseaudio:amd64			install
gstreamer1.0-x:amd64				install
gthumb						install
gthumb-data					install
gtk-redshift					install
gtk2-engines:amd64				install
gtk2-engines-aurora				install
gtk2-engines-candido				install
gtk2-engines-murrine:amd64			install
gtk2-engines-oxygen:amd64			install
gtk2-engines-pixbuf:amd64			install
gtk3-engines-oxygen:amd64			install
gtk3-engines-unico:amd64			install
gucharmap					install
gufw						install
guile-1.8-libs					install
gvfs:amd64					install
gvfs:i386					install
gvfs-backends					install
gvfs-bin					install
gvfs-common					install
gvfs-daemons					install
gvfs-fuse					install
gvfs-libs:amd64					install
gvfs-libs:i386					install
gwenview					install
gzip						install
hardening-includes				install
hardinfo					install
hddtemp						install
hdparm						install
hedgewars					install
hedgewars-data					install
heirloom-mailx					install
hicolor-icon-theme				install
hostapd						install
hostname					install
hpijs						install
hplip						install
hplip-data					install
hud						install
hunspell-en-us					install
hwdata						install
i8kutils					install
iasl						install
ibus-qt4					install
icedtea-7-jre-jamvm:amd64			install
icedtea-7-plugin:amd64				install
icedtea-netx:amd64				install
icedtea-netx-common				install
icedtea-plugin					install
icoutils					install
id3v2						install
ifupdown					install
im-config					install
im-switch					deinstall
imagemagick					deinstall
imagemagick-common				deinstall
indicator-applet-complete			install
indicator-application				install
indicator-bluetooth				install
indicator-datetime				install
indicator-keyboard				install
indicator-power					install
indicator-printers				install
indicator-sound					install
indicator-sync					install
info						install
init-system-helpers				install
initramfs-tools					install
initramfs-tools-bin				install
initscripts					install
inputattach					install
insserv						install
install-info					install
intel-gpu-tools					install
inxi						install
iproute						install
iproute2					install
iptables					install
iputils-arping					install
iputils-ping					install
iputils-tracepath				install
irqbalance					install
isc-dhcp-client					install
isc-dhcp-common					install
iso-codes					install
iw						install
java-common					install
jockey-common					install
jockey-kde					install
k3b						install
k3b-data					install
kaccessible					install
kaddressbook					install
kamera						install
kamoso						install
kate						install
kate-data					install
katepart					install
kbd						install
kcalc						install
kdoctools					install
kerneloops-daemon				install
kexi						install
keyboard-configuration				install
keyutils					install
khelpcenter4					install
kinfocenter					install
kio-audiocd					install
kio-mtp						install
klibc-utils					install
klipper						install
kmag						install
kmail						install
kmenuedit					install
kmix						install
kmod						install
kmousetool					install
knotes						install
konsole						install
kontact						install
korganizer					install
kpat						install
kppp						install
krb5-locales					install
krdc						install
krita						install
krita-data					install
kscreen						install
ksnapshot					install
ksysguard					install
ksysguardd					install
ksystemlog					install
ktorrent					install
ktorrent-data					install
kubuntu-debug-installer				install
kubuntu-desktop					install
kubuntu-docs					install
kubuntu-firefox-installer			install
kubuntu-notification-helper			install
kubuntu-settings-desktop			install
kubuntu-settings-netbook			install
kubuntu-web-shortcuts				install
kwalletmanager					install
language-pack-en				install
language-pack-en-base				install
language-pack-gnome-en				install
language-pack-gnome-en-base			install
language-selector-common			install
laptop-detect					install
launchpad-getkeys				install
leafpad						install
less						install
lib32gcc1					install
lib32z1						deinstall
liba52-0.7.4					install
libaa1:amd64					install
libaa1:i386					deinstall
libaacs0:amd64					install
libaccount-plugin-1.0-0				install
libaccount-plugin-generic-oauth			install
libaccount-plugin-google			install
libaccounts-glib0				install
libaccounts-qt1					install
libaccounts-qt5-1				install
libaccountsservice0				install
libacl1:amd64					install
libacl1:i386					install
libaio1:amd64					install
libaio1:i386					deinstall
libakonadi-calendar4				install
libakonadi-contact4				install
libakonadi-kabc4				install
libakonadi-kcal4				install
libakonadi-kde4					install
libakonadi-kmime4				install
libakonadi-notes4				install
libakonadi-socialutils4				install
libakonadiprotocolinternals1			install
libalgorithm-c3-perl				install
libalgorithm-diff-perl				install
libalgorithm-diff-xs-perl			install
libalgorithm-merge-perl				install
libamd2.2.0					install
libany-moose-perl				install
libao-common					install
libao4:amd64					install
libao4:i386					deinstall
libapparmor1					install
libappindicator0.1-cil				install
libappindicator1				install
libappindicator3-1				install
libapr1						install
libaprutil1					install
libapt-inst1.5:amd64				install
libapt-pkg-perl					install
libapt-pkg4.12:amd64				install
libarchive-zip-perl				install
libarchive12:amd64				install
libarchive13:amd64				install
libart-2.0-2:amd64				install
libasan0:amd64					install
libasn1-8-heimdal:amd64				install
libasn1-8-heimdal:i386				install
libasound2:amd64				install
libasound2:i386					install
libasound2-data					install
libasound2-plugins:amd64			install
libasound2-plugins:i386				install
libaspell15					install
libasprintf0c2:amd64				install
libass4:amd64					install
libassuan0:amd64				install
libasyncns0:amd64				install
libasyncns0:i386				install
libatasmart4:amd64				install
libatk-adaptor:amd64				install
libatk-adaptor-data				install
libatk-bridge2.0-0:amd64			install
libatk-wrapper-java				install
libatk-wrapper-java-jni:amd64			install
libatk1.0-0:amd64				install
libatk1.0-0:i386				deinstall
libatk1.0-data					install
libatkmm-1.6-1:amd64				install
libatomic1:amd64				install
libatspi2.0-0:amd64				install
libattica0.4:amd64				install
libattr1:amd64					install
libattr1:i386					install
libaudclient2:amd64				install
libaudio2:amd64					install
libaudiofile1:i386				deinstall
libaudit-common					install
libaudit1:amd64					install
libauthen-sasl-perl				install
libav-tools					install
libavahi-client3:amd64				install
libavahi-client3:i386				install
libavahi-common-data:amd64			install
libavahi-common-data:i386			install
libavahi-common3:amd64				install
libavahi-common3:i386				install
libavahi-core7:amd64				install
libavahi-glib1:amd64				install
libavahi-gobject0:amd64				install
libavc1394-0:amd64				install
libavc1394-0:i386				deinstall
libavcodec53:amd64				install
libavdevice53:amd64				install
libavfilter2:amd64				install
libavformat53:amd64				install
libavutil51:amd64				install
libawn1						install
libbabl-0.1-0:amd64				install
libbamf3-2:amd64				install
libbind9-80					install
libbind9-90					install
libbison-dev:amd64				install
libblas3					install
libblas3gf					install
libblkid1:amd64					install
libbluedevil1:amd64				install
libbluetooth3:amd64				install
libbluray1:amd64				install
libbonobo2-0:amd64				install
libbonobo2-common				install
libbonoboui2-0:amd64				install
libbonoboui2-common				install
libboost-date-time1.49.0			install
libboost-date-time1.53.0:amd64			install
libboost-iostreams1.49.0			install
libboost-iostreams1.53.0:amd64			install
libboost-program-options1.53.0:amd64		install
libboost-python1.49.0				install
libboost-python1.53.0				install
libboost-system1.49.0				install
libboost-system1.53.0:amd64			install
libbrasero-media3-1				install
libbrlapi0.5:amd64				install
libbrlapi0.6:amd64				install
libbsd0:amd64					install
libburn4					install
libbz2-1.0:amd64				install
libbz2-1.0:i386					deinstall
libc-ares2:amd64				install
libc-bin					install
libc-dev-bin					install
libc6:amd64					install
libc6:i386					install
libc6-dbg:amd64					install
libc6-dev:amd64					install
libc6-i386					install
libcaca0:amd64					install
libcaca0:i386					deinstall
libcairo-gobject2:amd64				install
libcairo-gobject2:i386				deinstall
libcairo-perl					install
libcairo2:amd64					install
libcairo2:i386					install
libcairomm-1.0-1:amd64				install
libcalendarsupport4				install
libcamel-1.2-40					install
libcamel-1.2-43					install
libcanberra-gtk-module:amd64			install
libcanberra-gtk0:amd64				install
libcanberra-gtk0:i386				deinstall
libcanberra-gtk3-0:amd64			install
libcanberra-gtk3-module:amd64			install
libcanberra-pulse:amd64				deinstall
libcanberra0:amd64				install
libcanberra0:i386				deinstall
libcap-ng0					install
libcap2:amd64					install
libcap2:i386					deinstall
libcap2-bin					install
libcapi20-3:amd64				install
libcapi20-3:i386				install
libcaribou-common				install
libcaribou0:amd64				install
libcdaudio1					install
libcddb2					install
libcdio-cdda1					install
libcdio-paranoia1				install
libcdio13					install
libcdparanoia0:amd64				install
libcdparanoia0:i386				install
libcdr-0.0-0					install
libcheese-gtk23:amd64				install
libcheese7:amd64				install
libchm1						install
libchromaprint0:amd64				install
libcinnamon-control-center1			install
libcinnamon-desktop0				install
libcjs0c					install
libck-connector0:amd64				install
libclass-accessor-perl				install
libclass-c3-perl				install
libclass-c3-xs-perl				install
libclass-isa-perl				install
libclass-load-perl				install
libclass-method-modifiers-perl			install
libclass-singleton-perl				install
libcln6						install
libclone-perl					install
libcloog-isl4:amd64				install
libcloog-ppl1:amd64				install
libclucene-contribs1:amd64			install
libclucene-core1:amd64				install
libclucene0ldbl					deinstall
libclutter-1.0-0:amd64				install
libclutter-1.0-common				install
libclutter-gst-1.0-0:amd64			install
libclutter-gst-2.0-0:amd64			install
libclutter-gtk-1.0-0:amd64			install
libcmis-0.2-2					install
libcmis-0.3-3					install
libcogl-common					install
libcogl-pango12:amd64				install
libcogl12:amd64					install
libcolamd2.7.1					install
libcolord1:amd64				install
libcolorhug1:amd64				install
libcomerr2:amd64				install
libcomerr2:i386					install
libcompizconfig0				install
libcrack2					install
libcroco3:amd64					install
libcroco3:i386					deinstall
libcrypt-blowfish-perl				install
libcrypt-passwdmd5-perl				install
libcrypt-rijndael-perl				install
libcryptsetup4					install
libcrystalhd3:amd64				install
libcuda1-304					install
libcups2:amd64					install
libcups2:i386					install
libcupscgi1:amd64				install
libcupsfilters1:amd64				install
libcupsfilters1:i386				install
libcupsimage2:amd64				install
libcupsimage2:i386				deinstall
libcupsmime1:amd64				install
libcupsppdc1:amd64				install
libcurl3:amd64					install
libcurl3:i386					deinstall
libcurl3-gnutls:amd64				install
libcurl3-nss:amd64				install
libcwidget3					install
libdaemon0					install
libdata-amf-perl				install
libdata-optlist-perl				install
libdatetime-locale-perl				install
libdatetime-perl				install
libdatetime-timezone-perl			install
libdatrie1:amd64				install
libdatrie1:i386					install
libdb5.1:amd64					install
libdb5.1:i386					install
libdbus-1-3:amd64				install
libdbus-1-3:i386				install
libdbus-glib-1-2:amd64				install
libdbus-glib-1-2:i386				deinstall
libdbus-glib1.0-cil				install
libdbus1.0-cil					install
libdbusmenu-glib4:amd64				install
libdbusmenu-gtk3-4:amd64			install
libdbusmenu-gtk4:amd64				install
libdbusmenu-qt2:amd64				install
libdc1394-22:amd64				install
libdca0:amd64					install
libdconf-dbus-1-0:amd64				install
libdconf1:amd64					install
libdebconf-kde0					install
libdecoration0					install
libdee-1.0-4					install
libdesktop-agnostic-cfg-keyfile			install
libdesktop-agnostic-data			install
libdesktop-agnostic-fdo-gnome			install
libdesktop-agnostic-vfs-gio			install
libdesktop-agnostic0				install
libdevmapper-event1.02.1:amd64			install
libdevmapper1.02.1:amd64			install
libdigest-hmac-perl				install
libdirac-encoder0:amd64				install
libdirectfb-1.2-9:amd64				install
libdiscid0:amd64				install
libdjvulibre-text				install
libdjvulibre21:amd64				install
libdlrestrictions1				install
libdmapsharing-3.0-2				install
libdmtx0a:amd64					install
libdmx1:amd64					install
libdns81					install
libdns99					install
libdotconf1.0					install
libdpkg-perl					install
libdrm-intel1:amd64				install
libdrm-intel1:i386				install
libdrm-nouveau1a:amd64				install
libdrm-nouveau2:amd64				install
libdrm-nouveau2:i386				install
libdrm-radeon1:amd64				install
libdrm-radeon1:i386				install
libdrm2:amd64					install
libdrm2:i386					install
libdv4:amd64					install
libdv4:i386					deinstall
libdvbpsi7					install
libdvbpsi8:amd64				install
libdvdcss2					install
libdvdnav4:amd64				install
libdvdread4:amd64				install
libebackend-1.2-5				install
libebackend-1.2-6				install
libebml3:amd64					install
libebook-1.2-14					install
libebook-contacts-1.2-0				install
libecal-1.2-15					install
libedata-book-1.2-15				install
libedata-book-1.2-17				install
libedata-cal-1.2-18				install
libedata-cal-1.2-20				install
libedataserver-1.2-17				install
libedit2:amd64					install
libegl1-mesa:amd64				install
libegl1-mesa-drivers:amd64			install
libelf1:amd64					install
libelf1:i386					install
libelfg0:amd64					install
libemail-valid-perl				install
libenca0:amd64					install
libenchant1c2a:amd64				install
libencode-locale-perl				install
libept1.4.12					install
libepub0					install
liberror-perl					install
libesd0:i386					deinstall
libespeak1:amd64				install
libetpan15					install
libevdocument3-4				install
libevent-2.0-5:amd64				install
libeventviews4					install
libevview3-3					install
libexempi3:amd64				install
libexif12:amd64					install
libexif12:i386					install
libexiv2-12					install
libexpat1:amd64					install
libexpat1:i386					install
libexttextcat-2.0-0				install
libexttextcat-data				install
libfaac0:amd64					install
libfaad2:amd64					install
libfarstream-0.1-0:amd64			install
libffi6:amd64					install
libffi6:i386					install
libfftw3-double3:amd64				install
libfftw3-single3:amd64				install
libfile-basedir-perl				install
libfile-copy-recursive-perl			install
libfile-desktopentry-perl			install
libfile-fcntllock-perl				install
libfile-listing-perl				install
libfile-mimeinfo-perl				install
libfl-dev:amd64					install
libflac++6:amd64				install
libflac8:amd64					install
libflac8:i386					install
libflite1:amd64					install
libfluidsynth1:amd64				install
libfluidsynth1:i386				deinstall
libfm-data					install
libfm-gtk-bin					install
libfm-gtk-data					install
libfm-gtk3					install
libfm3						install
libfolderarchive4				install
libfolks-eds25:amd64				install
libfolks25:amd64				install
libfont-afm-perl				install
libfontconfig1:amd64				install
libfontconfig1:i386				install
libfontembed1:amd64				install
libfontenc1:amd64				install
libframe6:amd64					install
libfreerdp-plugins-standard:amd64		install
libfreerdp1:amd64				install
libfreetype6:amd64				install
libfreetype6:i386				install
libfribidi0:amd64				install
libfs6:amd64					install
libfuse2:amd64					install
libgail-3-0:amd64				install
libgail-common:amd64				install
libgail18:amd64					install
libgail18:i386					deinstall
libgbm1:amd64					install
libgcc-4.8-dev:amd64				install
libgcc1:amd64					install
libgcc1:i386					install
libgck-1-0:amd64				install
libgconf-2-4:amd64				install
libgconf-2-4:i386				deinstall
libgconf2-4:amd64				install
libgconf2.0-cil					install
libgcr-3-1:amd64				install
libgcr-3-common					install
libgcr-base-3-1:amd64				install
libgcr-ui-3-1:amd64				install
libgcrypt11:amd64				install
libgcrypt11:i386				install
libgd2-xpm:amd64				install
libgd2-xpm:i386					deinstall
libgd3:amd64					install
libgd3:i386					install
libgda-5.0-4					install
libgda-5.0-common				install
libgdata-common					install
libgdata13					install
libgdata2.1-cil					install
libgdbm3:amd64					install
libgdbm3:i386					deinstall
libgdiplus					install
libgdk-pixbuf2.0-0:amd64			install
libgdk-pixbuf2.0-0:i386				deinstall
libgdk-pixbuf2.0-common				install
libgee-0.8-2:amd64				install
libgee2:amd64					install
libgegl-0.2-0:amd64				install
libgeis1:amd64					install
libgeoclue0					install
libgeoip1:amd64					install
libgettextpo0:amd64				install
libgexiv2-1					install
libgexiv2-2					deinstall
libgfortran3:amd64				install
libgif4:amd64					install
libgif4:i386					install
libgimp2.0					install
libgirepository-1.0-1				install
libgjs0d					install
libgkeyfile1.0-cil				install
libgksu2-0					install
libgl1-mesa-dri:amd64				install
libgl1-mesa-dri:i386				install
libgl1-mesa-glx:amd64				install
libgl1-mesa-glx:i386				install
libglade2-0:amd64				install
libglademm-2.4-1c2a				install
libglamor0:amd64				install
libglapi-mesa:amd64				install
libglapi-mesa:i386				install
libgldi3:amd64					install
libgles2-mesa:amd64				install
libglew1.8:amd64				install
libglewmx1.8:amd64				install
libglib-perl					install
libglib2.0-0:amd64				install
libglib2.0-0:i386				install
libglib2.0-bin					install
libglib2.0-cil					install
libglib2.0-data					install
libglibmm-2.4-1c2a:amd64			install
libglu1-mesa:amd64				install
libglu1-mesa:i386				install
libgme0						install
libgmime-2.6-0					install
libgmime2.6-cil					install
libgmlib0:amd64					install
libgmlib1:amd64					install
libgmp10:amd64					install
libgmpxx4ldbl:amd64				install
libgmtk0:amd64					install
libgmtk0-data					install
libgmtk1:amd64					install
libgmtk1-data					install
libgnome-bluetooth11				install
libgnome-control-center1			install
libgnome-desktop-2-17				install
libgnome-desktop-3-7				install
libgnome-keyring-common				install
libgnome-keyring0:amd64				install
libgnome-keyring0:i386				deinstall
libgnome-media-profiles-3.0-0			install
libgnome-menu-3-0				install
libgnome-menu2					install
libgnome2-0:amd64				install
libgnome2-bin					install
libgnome2-common				install
libgnomecanvas2-0:amd64				install
libgnomecanvas2-common				install
libgnomekbd-common				install
libgnomekbd8					install
libgnomeui-0:amd64				install
libgnomeui-common				install
libgnomevfs2-0:amd64				install
libgnomevfs2-common				install
libgnutls-openssl27:amd64			install
libgnutls26:amd64				install
libgnutls26:i386				install
libgoa-1.0-0:amd64				install
libgoa-1.0-common				install
libgomp1:amd64					install
libgomp1:i386					deinstall
libgpg-error0:amd64				install
libgpg-error0:i386				install
libgpgme++2					install
libgpgme11:amd64				install
libgphoto2-2:amd64				install
libgphoto2-2:i386				deinstall
libgphoto2-6:amd64				install
libgphoto2-6:i386				install
libgphoto2-l10n					install
libgphoto2-port0:amd64				install
libgphoto2-port0:i386				deinstall
libgphoto2-port10:amd64				install
libgphoto2-port10:i386				install
libgpm2:amd64					install
libgpm2:i386					install
libgpod-common					install
libgpod4:amd64					install
libgps20:amd64					install
libgrail5					install
libgrail6					install
libgrantlee-core0				install
libgrantlee-gui0				install
libgraphite2-3:amd64				install
libgraphite2-3:i386				install
libgrip0					install
libgs9						install
libgs9-common					install
libgsm1:amd64					install
libgssapi-krb5-2:amd64				install
libgssapi-krb5-2:i386				install
libgssapi3-heimdal:amd64			install
libgssapi3-heimdal:i386				install
libgssdp-1.0-3					install
libgstreamer-plugins-bad0.10-0:amd64		install
libgstreamer-plugins-bad1.0-0:amd64		deinstall
libgstreamer-plugins-base0.10-0:amd64		install
libgstreamer-plugins-base0.10-0:i386		install
libgstreamer-plugins-base1.0-0:amd64		install
libgstreamer-plugins-good1.0-0:amd64		install
libgstreamer0.10-0:amd64			install
libgstreamer0.10-0:i386				install
libgstreamer1.0-0:amd64				install
libgtk-3-0:amd64				install
libgtk-3-bin					install
libgtk-3-common					install
libgtk-sharp-beans-cil				install
libgtk2-perl					install
libgtk2.0-0:amd64				install
libgtk2.0-0:i386				deinstall
libgtk2.0-bin					install
libgtk2.0-cil					install
libgtk2.0-common				install
libgtkmm-2.4-1c2a:amd64				install
libgtkmm-3.0-1:amd64				install
libgtksourceview-3.0-1:amd64			install
libgtksourceview-3.0-common			install
libgtksourceview2.0-0				install
libgtksourceview2.0-common			install
libgtkspell-3-0					install
libgtkspell0					install
libgtlcore0.8					install
libgtlfragment0.8				install
libgtop2-7					install
libgtop2-common					install
libgucharmap-2-90-7				install
libgudev-1.0-0:amd64				install
libgudev-1.0-0:i386				deinstall
libgudev1.0-cil					install
libgupnp-1.0-4					install
libgupnp-igd-1.0-4:amd64			install
libgusb2:amd64					install
libgutenprint2					install
libgweather-3-1					install
libgweather-3-3					install
libgweather-common				install
libgxps2:amd64					install
libharfbuzz-icu0:amd64				install
libharfbuzz0a:amd64				install
libharfbuzz0a:i386				install
libhcrypto4-heimdal:amd64			install
libhcrypto4-heimdal:i386			install
libheimbase1-heimdal:amd64			install
libheimbase1-heimdal:i386			install
libheimntlm0-heimdal:amd64			install
libheimntlm0-heimdal:i386			install
libhomerun0					install
libhpmud0					install
libhsqldb-java					install
libhsqldb1.8.0-java				install
libhtml-form-perl				install
libhtml-format-perl				install
libhtml-parser-perl				install
libhtml-tagset-perl				install
libhtml-tree-perl				install
libhttp-cookies-perl				install
libhttp-daemon-perl				install
libhttp-date-perl				install
libhttp-message-perl				install
libhttp-negotiate-perl				install
libhttp-server-simple-perl			install
libhud-client2:amd64				install
libhud2:amd64					install
libhunspell-1.3-0:amd64				install
libhx509-5-heimdal:amd64			install
libhx509-5-heimdal:i386				install
libhyphen0					install
libibus-1.0-0:i386				deinstall
libibus-1.0-5:amd64				install
libibus-1.0-5:i386				deinstall
libibus-qt1					install
libical0					install
libical1					install
libice-dev:amd64				install
libice6:amd64					install
libice6:i386					install
libicu48:amd64					install
libid3-3.8.3c2a					install
libid3tag0					install
libidl-common					install
libidl0:amd64					install
libidn11:amd64					install
libidn11:i386					deinstall
libido3-0.1-0:amd64				install
libiec61883-0:amd64				install
libiec61883-0:i386				deinstall
libieee1284-3:amd64				install
libieee1284-3:i386				install
libijs-0.35					install
libilmbase6:amd64				install
libimlib2					install
libimobiledevice3				install
libimobiledevice4				install
libincidenceeditorsng4				install
libindicate-gtk3				install
libindicate-qt1					install
libindicate5					install
libindicator3-7					install
libindicator7					install
libio-html-perl					install
libio-pty-perl					install
libio-socket-inet6-perl				install
libio-socket-socks-perl				install
libio-socket-ssl-perl				install
libio-string-perl				install
libipc-run-perl					install
libisc83					install
libisc95					install
libisccc80					install
libisccc90					install
libisccfg82					install
libisccfg90					install
libisl10:amd64					install
libiso9660-8					install
libisofs6					install
libitm1:amd64					install
libiw30:amd64					install
libjack-jackd2-0:amd64				install
libjack-jackd2-0:i386				install
libjasper1:amd64				install
libjasper1:i386					deinstall
libjavascriptcoregtk-1.0-0			install
libjavascriptcoregtk-3.0-0			install
libjbig0:amd64					install
libjbig0:i386					install
libjbig2dec0					install
libjpeg-progs					install
libjpeg-turbo-progs				install
libjpeg-turbo8:amd64				install
libjpeg-turbo8:i386				install
libjpeg8:amd64					install
libjpeg8:i386					install
libjs-jquery					install
libjson-c2:amd64				install
libjson-c2:i386					install
libjson-glib-1.0-0:amd64			install
libjson-glib-1.0-common				install
libjson0:amd64					install
libjte1						install
libk3b6						install
libk5crypto3:amd64				install
libk5crypto3:i386				install
libkabc4					install
libkactivities-bin				install
libkactivities-models1				install
libkactivities6					install
libkalarmcal2					install
libkate1					install
libkateinterfaces4				install
libkatepartinterfaces4				install
libkblog4					install
libkcal4					install
libkcalcore4					install
libkcalutils4					install
libkcddb4					install
libkcmutils4					install
libkcompactdisc4				install
libkdcraw-data					install
libkdcraw22					install
libkde3support4					install
libkdeclarative5				install
libkdecorations4abi1				install
libkdecore5					install
libkdegames6					install
libkdepim4					install
libkdepimdbusinterfaces4			install
libkdesu5					install
libkdeui5					install
libkdewebkit5					install
libkdgantt2-0					install
libkdnssd4					install
libkemoticons4					install
libkephal4abi1					install
libkexiv2-11					install
libkexiv2-data					install
libkeyutils1:amd64				install
libkeyutils1:i386				install
libkfbapi1					install
libkfile4					install
libkgapi2-2:amd64				install
libkholidays4					install
libkhtml5					install
libkidletime4					install
libkimap4					install
libkio5						install
libkipi-data					install
libkipi11					install
libkjsapi4					install
libkjsembed4					install
libkldap4					install
libkleo4					install
libklibc					install
libkmanagesieve4				install
libkmbox4					install
libkmediaplayer4				install
libkmime4					install
libkmod2:amd64					install
libkms1:amd64					install
libknewstuff2-4					install
libknewstuff3-4					install
libknotifyconfig4				install
libkntlm4					install
libkolab0					install
libkonq-common					install
libkonq5-templates				install
libkonq5abi1					install
libkontactinterface4				install
libkparts4					install
libkpathsea6					install
libkpgp4					install
libkpimidentities4				install
libkpimtextedit4				install
libkpimutils4					install
libkprintutils4					install
libkpty4					install
libkrb5-26-heimdal:amd64			install
libkrb5-26-heimdal:i386				install
libkrb5-3:amd64					install
libkrb5-3:i386					install
libkrb5support0:amd64				install
libkrb5support0:i386				install
libkresources4					install
libkrosscore4					install
libkrossui4					install
libksane-data					install
libksane0					install
libksba8:amd64					install
libkscreen1					install
libkscreensaver5				install
libksgrd4					install
libksieve4					install
libksieveui4					install
libksignalplotter4				install
libktexteditor4					install
libktnef4					install
libktorrent-l10n				install
libktorrent5					install
libktpcommoninternalsprivate5			install
libkunitconversion4				install
libkwineffects1abi4				install
libkwinglesutils1				install
libkwinglutils1abi3				install
libkworkspace4abi2				install
libkxmlrpcclient4				install
liblangtag-common				install
liblangtag1					install
liblapack3					install
liblastfm1:amd64				install
liblaunchpad-integration-common			install
liblaunchpad-integration1			install
liblcms1:amd64					install
liblcms1:i386					install
liblcms2-2:amd64				install
libldap-2.4-2:amd64				install
libldap-2.4-2:i386				install
liblightdm-gobject-1-0				install
liblightdm-qt-3-0				install
liblircclient0					install
liblist-moreutils-perl				install
libllvm3.0:amd64				install
libllvm3.1:amd64				install
libllvm3.1:i386					deinstall
libllvm3.3:amd64				install
libllvm3.3:i386					install
liblocale-gettext-perl				install
liblockfile-bin					install
liblockfile1:amd64				install
libloudmouth1-0					install
liblouis-data					install
liblouis2:amd64					install
liblqr-1-0:amd64				deinstall
libltdl7:amd64					install
libltdl7:i386					install
liblua5.1-0:amd64				install
liblua5.2-0:amd64				install
liblvm2app2.2:amd64				install
liblwp-mediatypes-perl				install
liblwp-protocol-https-perl			install
liblwp-protocol-socks-perl			install
liblwres80					install
liblwres90					install
liblzma5:amd64					install
liblzma5:i386					install
liblzo2-2:amd64					install
libmad0:amd64					install
libmad0:i386					deinstall
libmagic1:amd64					install
libmagickcore5:amd64				deinstall
libmagickwand5:amd64				deinstall
libmailcommon4					install
libmailimporter4				install
libmailtools-perl				install
libmailtransport4				install
libmatroska5:amd64				install
libmeanwhile1					install
libmenu-cache1					deinstall
libmenu-cache3					install
libmessagecomposer4				install
libmessagecore4					install
libmessagelist4					install
libmessageviewer4				install
libmessaging-menu0				install
libmetacity-private0a				install
libmhash2					install
libmicroblog4					install
libmikmod2:amd64				install
libmikmod2:i386					deinstall
libmimic0					install
libminiupnpc8					install
libmission-control-plugins0			install
libmjpegtools-1.9				install
libmjpegutils-2.0-0				install
libmms0:amd64					install
libmng1:amd64					install
libmng1:i386					deinstall
libmnl0:amd64					install
libmodemmanagerqt0				install
libmodplug1					install
libmodule-implementation-perl			install
libmodule-runtime-perl				install
libmono-addins-gui0.2-cil			install
libmono-addins0.2-cil				install
libmono-cairo4.0-cil				install
libmono-corlib4.0-cil				install
libmono-data-tds4.0-cil				install
libmono-posix4.0-cil				install
libmono-security4.0-cil				install
libmono-sharpzip4.84-cil			install
libmono-system-configuration4.0-cil		install
libmono-system-core4.0-cil			install
libmono-system-data4.0-cil			install
libmono-system-drawing4.0-cil			install
libmono-system-enterpriseservices4.0-cil	install
libmono-system-numerics4.0-cil			install
libmono-system-runtime-serialization4.0-cil	install
libmono-system-security4.0-cil			install
libmono-system-transactions4.0-cil		install
libmono-system-xml-linq4.0-cil			install
libmono-system-xml4.0-cil			install
libmono-system4.0-cil				install
libmono-zeroconf1.0-cil				install
libmount1:amd64					install
libmouse-perl					install
libmozjs-17.0-0					install
libmozjs185-1.0					install
libmp3-info-perl				install
libmp3lame0:amd64				install
libmpc2:amd64					install
libmpc3:amd64					install
libmpcdec6					install
libmpeg2-4:amd64				install
libmpeg2encpp-2.0-0				install
libmpfr4:amd64					install
libmpg123-0:amd64				install
libmpg123-0:i386				install
libmplex2-2.0-0					install
libmro-compat-perl				install
libmspub-0.0-0					install
libmtdev1:amd64					install
libmtp-common					install
libmtp-runtime					install
libmtp9:amd64					install
libmuffin0					install
libmuonprivate1					install
libmusicbrainz3-6				install
libmusicbrainz5-0:amd64				install
libmx-1.0-2:amd64				install
libmx-bin					install
libmx-common					install
libmygpo-qt1					install
libmysqlclient18:amd64				install
libmysqlclient18:i386				deinstall
libmythes-1.2-0					install
libnatpmp1					install
libnautilus-extension1a				install
libncurses5:amd64				install
libncurses5:i386				install
libncursesw5:amd64				install
libncursesw5:i386				deinstall
libnemo-extension1				install
libneon27-gnutls				install
libnepomuk4					install
libnepomukcleaner4				install
libnepomukcore4abi1				install
libnepomukquery4a				install
libnepomuksync4					deinstall
libnepomukutils4				install
libnepomukwidgets4				install
libnet-dns-perl					install
libnet-domain-tld-perl				install
libnet-http-perl				install
libnet-ip-perl					install
libnet-smtp-ssl-perl				install
libnet-ssleay-perl				install
libnetfilter-conntrack3:amd64			install
libnetpbm10					deinstall
libnettle4:amd64				install
libnetworkmanagerqt0				install
libnewt0.52:amd64				install
libnewtonsoft-json4.5-cil			install
libnewtonsoft-json5.0-cil			install
libnfnetlink0:amd64				install
libnice10:amd64					install
libnih-dbus1:amd64				install
libnih1:amd64					install
libnl-3-200:amd64				install
libnl-3-200:i386				install
libnl-genl-3-200:amd64				install
libnl-genl-3-200:i386				install
libnl-route-3-200:amd64				install
libnm-glib-vpn1					install
libnm-glib4					install
libnm-gtk-common				install
libnm-gtk0					install
libnm-util2					install
libnotify-bin					install
libnotify0.4-cil				install
libnotify4:amd64				install
libnspr4:amd64					install
libnspr4:i386					deinstall
libnss-mdns					install
libnss-winbind:amd64				install
libnss3:amd64					install
libnss3:i386					deinstall
libnss3-1d:amd64				install
libntrack-qt4-1					install
libntrack0					install
libnuma1					install
libnux-3.0-common				install
liboath0					install
liboauth0:amd64					install
libobrender27					deinstall
libobrender29					install
libobt0						deinstall
libobt2						install
libodbc1:amd64					install
libodbc1:i386					deinstall
libodfgen-0.0-0					install
libofa0						deinstall
libogg0:amd64					install
libogg0:i386					install
libokularcore1abi1				deinstall
libokularcore3					install
libopenal-data					install
libopenal1:amd64				install
libopenal1:i386					install
libopencc1:amd64				install
libopencolorio1					install
libopenconnect2:amd64				install
libopencore-amrnb0:amd64			install
libopencore-amrwb0:amd64			install
libopencv-calib3d2.4				install
libopencv-contrib2.4				install
libopencv-core2.4				install
libopencv-features2d2.4				install
libopencv-flann2.4				install
libopencv-highgui2.4				install
libopencv-imgproc2.4				install
libopencv-legacy2.4				install
libopencv-ml2.4					install
libopencv-objdetect2.4				install
libopencv-photo2.4				install
libopencv-video2.4				install
libopenexr6:amd64				install
libopenjpeg2:amd64				install
libopenobex1					install
libopenshiva0.8					install
libopenvg1-mesa:amd64				install
libopus0					install
liborbit2:amd64					install
liborc-0.4-0:amd64				install
liborc-0.4-0:i386				install
liborcus-0.6-0					install
libosmesa6:amd64				deinstall
libosmesa6:i386					deinstall
libp11-kit-gnome-keyring:amd64			install
libp11-kit-gnome-keyring:i386			install
libp11-kit0:amd64				install
libp11-kit0:i386				install
libpackage-deprecationmanager-perl		install
libpackage-stash-perl				install
libpackage-stash-xs-perl			install
libpackagekit-glib2-16:amd64			install
libpam-cap:amd64				install
libpam-ck-connector:amd64			install
libpam-freerdp					install
libpam-gnome-keyring:amd64			install
libpam-modules:amd64				install
libpam-modules-bin				install
libpam-runtime					install
libpam-systemd:amd64				install
libpam-winbind:amd64				install
libpam0g:amd64					install
libpanel-applet-4-0				install
libpango-1.0-0:amd64				install
libpango-1.0-0:i386				install
libpango-perl					install
libpango1.0-0:amd64				install
libpangocairo-1.0-0:amd64			install
libpangocairo-1.0-0:i386			install
libpangoft2-1.0-0:amd64				install
libpangoft2-1.0-0:i386				install
libpangomm-1.4-1:amd64				install
libpangox-1.0-0:amd64				install
libpangox-1.0-0:i386				install
libpangoxft-1.0-0:amd64				install
libpangoxft-1.0-0:i386				install
libpaper-utils					install
libpaper1:amd64					install
libparams-classify-perl				install
libparams-util-perl				install
libparams-validate-perl				install
libparse-debianchangelog-perl			install
libparted0debian1:amd64				install
libpcap0.8:amd64				install
libpci3:amd64					install
libpciaccess0:amd64				install
libpciaccess0:i386				install
libpcre3:amd64					install
libpcre3:i386					install
libpcsclite1:amd64				install
libpeas-1.0-0					install
libpeas-common					install
libperl5.14					install
libphonon4:amd64				install
libphononexperimental4:amd64			install
libpimactivity4					install
libpimcommon4					install
libpipeline1:amd64				install
libpixman-1-0:amd64				install
libpixman-1-0:i386				install
libplasma-geolocation-interface4		install
libplasma3					install
libplasmaclock4abi4				install
libplasmagenericshell4				install
libplist1					install
libplymouth2:amd64				install
libpng12-0:amd64				install
libpng12-0:i386					install
libpocketsphinx1				install
libpolkit-agent-1-0:amd64			install
libpolkit-backend-1-0:amd64			install
libpolkit-gobject-1-0:amd64			install
libpolkit-qt-1-1				install
libpoppler-glib8:amd64				install
libpoppler-qt4-4:amd64				install
libpoppler28:amd64				install
libpoppler43:amd64				install
libpopt0:amd64					install
libportaudio2:amd64				install
libportmidi0					install
libpostproc52:amd64				install
libppl-c4:amd64					install
libppl12:amd64					install
libprison0:amd64				install
libprocesscore4abi1				install
libprocessui4a					install
libprocps0:amd64				install
libprotobuf7					install
libprotoc7					install
libproxy1:amd64					install
libproxy1:i386					deinstall
libproxy1-plugin-gsettings:amd64		install
libproxy1-plugin-networkmanager:amd64		install
libpth20:amd64					install
libpthread-stubs0:amd64				install
libpthread-stubs0-dev:amd64			install
libpulse-mainloop-glib0:amd64			install
libpulse-mainloop-glib0:i386			deinstall
libpulse0:amd64					install
libpulse0:i386					install
libpulsedsp:amd64				install
libpurple-bin					install
libpurple0					install
libpwquality-common				install
libpwquality1:amd64				install
libpython-stdlib:amd64				install
libpython2.7:amd64				install
libpython2.7-minimal:amd64			install
libpython2.7-stdlib:amd64			install
libpython3-stdlib:amd64				install
libpython3.2					install
libpython3.3:amd64				install
libpython3.3-minimal:amd64			install
libpython3.3-stdlib:amd64			install
libqaccessibilityclient0			install
libqalculate5:amd64				install
libqalculate5-data				install
libqapt-runtime					deinstall
libqapt1					deinstall
libqapt2					install
libqapt2-runtime				install
libqca2:amd64					install
libqca2-plugin-ossl:amd64			install
libqgpgme1					install
libqimageblitz4					install
libqjson0:amd64					install
libqoauth1					install
libqpdf10:amd64					install
libqpdf8:amd64					install
libqrencode3:amd64				install
libqt4-dbus:amd64				install
libqt4-dbus:i386				deinstall
libqt4-declarative:amd64			install
libqt4-declarative:i386				deinstall
libqt4-designer:amd64				install
libqt4-designer:i386				deinstall
libqt4-help:amd64				install
libqt4-network:amd64				install
libqt4-network:i386				deinstall
libqt4-opengl:amd64				install
libqt4-opengl:i386				deinstall
libqt4-qt3support:amd64				install
libqt4-qt3support:i386				deinstall
libqt4-script:amd64				install
libqt4-script:i386				deinstall
libqt4-scripttools:amd64			install
libqt4-scripttools:i386				deinstall
libqt4-sql:amd64				install
libqt4-sql:i386					deinstall
libqt4-sql-mysql:amd64				install
libqt4-sql-sqlite:amd64				install
libqt4-svg:amd64				install
libqt4-svg:i386					deinstall
libqt4-test:amd64				install
libqt4-test:i386				deinstall
libqt4-xml:amd64				install
libqt4-xml:i386					deinstall
libqt4-xmlpatterns:amd64			install
libqt4-xmlpatterns:i386				deinstall
libqt53d5:amd64					install
libqt5contacts5:amd64				install
libqt5core5:amd64				install
libqt5dbus5:amd64				install
libqt5feedback5:amd64				install
libqt5graphicaleffects5:amd64			install
libqt5gui5:amd64				install
libqt5location5:amd64				install
libqt5multimedia5:amd64				install
libqt5network5:amd64				install
libqt5opengl5:amd64				install
libqt5organizer5:amd64				install
libqt5printsupport5:amd64			install
libqt5qml-graphicaleffects:amd64		install
libqt5qml5:amd64				install
libqt5quick5:amd64				install
libqt5sensors5:amd64				install
libqt5sql5:amd64				install
libqt5sql5-sqlite:amd64				install
libqt5svg5:amd64				install
libqt5test5:amd64				install
libqt5v8-5:amd64				install
libqt5webkit5:amd64				install
libqt5widgets5:amd64				install
libqt5xml5:amd64				install
libqtassistantclient4:amd64			install
libqtcore4:amd64				install
libqtcore4:i386					deinstall
libqtglib-2.0-0:amd64				install
libqtgstreamer-0.10-0:amd64			install
libqtgstreamerui-0.10-0:amd64			install
libqtgui4:amd64					install
libqtgui4:i386					deinstall
libqtscript4-core:amd64				install
libqtscript4-gui:amd64				install
libqtscript4-network:amd64			install
libqtscript4-sql:amd64				install
libqtscript4-uitools:amd64			install
libqtscript4-xml:amd64				install
libqtshiva0.1:amd64				install
libqtwebkit4:amd64				install
libqtwebkit4:i386				deinstall
libquadmath0:amd64				install
libquicktime2:amd64				install
libquvi-scripts					install
libquvi7:amd64					install
libraptor2-0					install
librarian0					install
librasqal3					install
libraw1394-11:amd64				install
libraw1394-11:i386				deinstall
libraw5:amd64					install
libraw9:amd64					deinstall
librdf0						install
libreadline5:amd64				install
libreadline6:amd64				install
libreadline6:i386				deinstall
librecode0:amd64				install
libreoffice-base				install
libreoffice-base-core				install
libreoffice-calc				install
libreoffice-common				install
libreoffice-core				install
libreoffice-draw				install
libreoffice-emailmerge				install
libreoffice-gnome				install
libreoffice-gtk					install
libreoffice-help-en-us				install
libreoffice-impress				install
libreoffice-java-common				install
libreoffice-kde					install
libreoffice-math				install
libreoffice-ogltrans				install
libreoffice-pdfimport				install
libreoffice-presentation-minimizer		install
libreoffice-presenter-console			install
libreoffice-style-human				install
libreoffice-style-oxygen			install
libreoffice-style-tango				install
libreoffice-writer				install
libresid-builder0c2a				install
librest-0.7-0:amd64				install
librhythmbox-core6				deinstall
librhythmbox-core7				install
libroken18-heimdal:amd64			install
libroken18-heimdal:i386				install
librpm3						install
librpmbuild3					install
librpmio3					install
librpmsign1					install
librsvg2-2:amd64				install
librsvg2-2:i386					deinstall
librsvg2-common:amd64				install
librsync1:amd64					install
librtmp0:amd64					install
librtmp0:i386					deinstall
libruby1.9.1					install
libsamplerate0:amd64				install
libsamplerate0:i386				install
libsane:amd64					install
libsane:i386					install
libsane-common					install
libsane-hpaio					install
libsasl2-2:amd64				install
libsasl2-2:i386					install
libsasl2-modules:amd64				install
libsasl2-modules:i386				install
libsasl2-modules-db:amd64			install
libsasl2-modules-db:i386			install
libsbc1:amd64					install
libschroedinger-1.0-0:amd64			install
libsdl-image1.2:amd64				install
libsdl-image1.2:i386				deinstall
libsdl-mixer1.2:amd64				install
libsdl-mixer1.2:i386				deinstall
libsdl-net1.2:amd64				install
libsdl-net1.2:i386				deinstall
libsdl-ttf2.0-0:amd64				install
libsdl-ttf2.0-0:i386				deinstall
libsdl1.2debian:amd64				install
libsdl1.2debian:i386				deinstall
libsecret-1-0:amd64				install
libsecret-1-0:i386				install
libsecret-common				install
libselinux1:amd64				install
libselinux1:i386				install
libsemanage-common				install
libsemanage1:amd64				install
libsendlater4					install
libsensors4:amd64				install
libsepol1:amd64					install
libserf1:amd64					install
libservlet3.0-java				install
libsexy2					install
libsgutils2-2					install
libshout3:amd64					install
libshout3:i386					deinstall
libsidplay1					install
libsidplay2					install
libsigc++-2.0-0c2a:amd64			install
libsignon-extension1				install
libsignon-glib1					install
libsignon-plugins-common1			install
libsignon-qt1					install
libsignon-qt5-1					install
libsigsegv2:amd64				install
libslang2:amd64					install
libslang2:i386					install
libslv2-9					install
libsm-dev:amd64					install
libsm6:amd64					install
libsm6:i386					install
libsmbclient:amd64				install
libsmbios2					install
libsmpeg0:amd64					install
libsndfile1:amd64				install
libsndfile1:i386				install
libsnmp-base					install
libsnmp30:amd64					install
libsocket6-perl					install
libsolid4					install
libsonic0:amd64					install
libsoprano4					install
libsoundtouch0:amd64				install
libsoup-gnome2.4-1:amd64			install
libsoup-gnome2.4-1:i386				deinstall
libsoup2.4-1:amd64				install
libsoup2.4-1:i386				deinstall
libsox2:amd64					deinstall
libspandsp2					install
libspectre1:amd64				install
libspeechd2:amd64				install
libspeex1:amd64					install
libspeex1:i386					deinstall
libspeexdsp1:amd64				install
libspeexdsp1:i386				install
libsphinxbase1					install
libspnav0					install
libsqlite3-0:amd64				install
libsqlite3-0:i386				install
libsrtp0					install
libss2:amd64					install
libssh-4:amd64					install
libssh2-1:amd64					install
libssl0.9.8:i386				deinstall
libssl1.0.0:amd64				install
libssl1.0.0:i386				install
libstartup-notification0:amd64			install
libstdc++5:i386					deinstall
libstdc++6:amd64				install
libstdc++6:i386					install
libstreamanalyzer0				install
libstreams0					install
libsub-install-perl				install
libsub-name-perl				install
libsvn1:amd64					install
libswitch-perl					install
libswscale2:amd64				install
libsync-menu1:amd64				install
libsyndication4					install
libsysfs2:amd64					install
libsystemd-daemon0:amd64			install
libsystemd-journal0:amd64			install
libsystemd-login0:amd64				install
libt1-5						install
libtag-extras1					install
libtag1-vanilla:amd64				install
libtag1-vanilla:i386				deinstall
libtag1c2a:amd64				install
libtaglib2.1-cil				install
libtalloc2:amd64				install
libtar0						install
libtaskmanager4abi5				install
libtasn1-3:amd64				install
libtasn1-3:i386					install
libtbb2						install
libtdb1:amd64					install
libtdb1:i386					deinstall
libtelepathy-glib0:amd64			install
libtelepathy-logger-qt4-1:amd64			install
libtelepathy-logger3:amd64			install
libtelepathy-qt4-2:amd64			install
libtelepathy-qt5-0:amd64			install
libtemplateparser4				install
libtevent0:amd64				install
libtext-charwidth-perl				install
libtext-iconv-perl				install
libtext-wrapi18n-perl				install
libthai-data					install
libthai0:amd64					install
libthai0:i386					install
libtheora0:amd64				install
libtheora0:i386					install
libthreadweaver4				install
libthumbnailer0:amd64				install
libtidy-0.99-0					install
libtie-ixhash-perl				install
libtiff4:amd64					install
libtiff4:i386					deinstall
libtiff5:amd64					install
libtiff5:i386					install
libtimedate-perl				install
libtimezonemap1					install
libtinfo5:amd64					install
libtinfo5:i386					install
libtinyxml2.6.2:amd64				install
libtorrent-rasterbar6				deinstall
libtorrent-rasterbar7				install
libtotem-plparser17				install
libtotem0					install
libtry-tiny-perl				install
libts-0.0-0:amd64				install
libtsan0:amd64					install
libturbojpeg:amd64				install
libturbojpeg:i386				install
libtwolame0					install
libtxc-dxtn-s2tc0:amd64				install
libtxc-dxtn-s2tc0:i386				install
libudev0:amd64					install
libudev0:i386					deinstall
libudev1:amd64					install
libudev1:i386					install
libudisks2-0:amd64				install
libufe-xidgetter0				install
libumfpack5.4.0					install
libunicode-string-perl				install
libuniconf4.6					install
libunistring0:amd64				install
libunistring0:i386				deinstall
libunity-action-qt1:amd64			install
libunity-protocol-private0:amd64		install
libunity-scopes-json-def-desktop		install
libunity-webapps0				install
libunity9:amd64					install
libuniversal-require-perl			install
libunshield0:amd64				install
libupnp6					install
libupower-glib1:amd64				install
liburi-perl					install
liburl-dispatcher1:amd64			install
libusb-0.1-4:amd64				install
libusb-0.1-4:i386				deinstall
libusb-1.0-0:amd64				install
libusb-1.0-0:i386				install
libusbmuxd2					install
libuser1					install
libustr-1.0-1:amd64				install
libutempter0					install
libuuid-perl					install
libuuid1:amd64					install
libuuid1:i386					install
libv4l-0:amd64					install
libv4l-0:i386					install
libv4lconvert0:amd64				install
libv4lconvert0:i386				install
libva-x11-1:amd64				install
libva1:amd64					install
libvcdinfo0					install
libvdpau1:amd64					install
libvirtodbc0					install
libvisio-0.0-0					install
libvisual-0.4-0:amd64				install
libvisual-0.4-0:i386				install
libvisual-0.4-plugins:amd64			install
libvisual-0.4-plugins:i386			install
libvlc5						install
libvlccore5					install
libvncserver0:amd64				install
libvo-aacenc0:amd64				install
libvo-amrwbenc0:amd64				install
libvorbis0a:amd64				install
libvorbis0a:i386				install
libvorbisenc2:amd64				install
libvorbisenc2:i386				install
libvorbisfile3:amd64				install
libvorbisfile3:i386				deinstall
libvpx1:amd64					install
libvpx1:i386					install
libvte-2.90-9					install
libvte-2.90-common				install
libvte-common					install
libvte9						install
libwacom-common					install
libwacom2:amd64					install
libwavpack1:amd64				install
libwavpack1:i386				deinstall
libwayland-client0:amd64			install
libwayland-cursor0:amd64			install
libwayland-server0:amd64			install
libwbclient0:amd64				install
libweather-ion6					install
libwebkitgtk-1.0-0				install
libwebkitgtk-1.0-common				install
libwebkitgtk-3.0-0				install
libwebkitgtk-3.0-common				install
libwebp2:amd64					install
libwebp2:i386					deinstall
libwebp4:amd64					install
libwebp4:i386					deinstall
libwildmidi-config				install
libwildmidi1:amd64				install
libwind0-heimdal:amd64				install
libwind0-heimdal:i386				install
libwmf0.2-7:amd64				install
libwmf0.2-7-gtk					install
libwnck-3-0:amd64				install
libwnck-3-common				install
libwnck-common					install
libwnck22					install
libwpd-0.9-9					install
libwpg-0.2-2					install
libwps-0.2-2					install
libwrap0:amd64					install
libwrap0:i386					install
libwvstreams4.6-base				install
libwvstreams4.6-extras				install
libwww-mechanize-perl				install
libwww-perl					install
libwww-robotrules-perl				install
libwxbase2.8-0:amd64				install
libwxgtk-media2.8-0:amd64			install
libwxgtk2.8-0:amd64				install
libx11-6:amd64					install
libx11-6:i386					install
libx11-data					install
libx11-dev:amd64				install
libx11-doc					install
libx11-xcb1:amd64				install
libx11-xcb1:i386				install
libx264-123:amd64				install
libx86-1:amd64					install
libxapian22					install
libxatracker1:amd64				install
libxau-dev:amd64				install
libxau6:amd64					install
libxau6:i386					install
libxaw7:amd64					install
libxaw7:i386					deinstall
libxcb-composite0:amd64				install
libxcb-damage0:amd64				install
libxcb-dri2-0:amd64				install
libxcb-dri2-0:i386				install
libxcb-glx0:amd64				install
libxcb-glx0:i386				install
libxcb-icccm4:amd64				install
libxcb-image0:amd64				install
libxcb-keysyms1:amd64				install
libxcb-randr0:amd64				install
libxcb-render-util0:amd64			install
libxcb-render0:amd64				install
libxcb-render0:i386				install
libxcb-shape0:amd64				install
libxcb-shm0:amd64				install
libxcb-shm0:i386				install
libxcb-sync0:amd64				install
libxcb-util0:amd64				install
libxcb-xfixes0:amd64				install
libxcb-xtest0:amd64				install
libxcb-xv0:amd64				install
libxcb1:amd64					install
libxcb1:i386					install
libxcb1-dev:amd64				install
libxcomposite1:amd64				install
libxcomposite1:i386				install
libxcursor1:amd64				install
libxcursor1:i386				install
libxdamage1:amd64				install
libxdamage1:i386				install
libxdmcp-dev:amd64				install
libxdmcp6:amd64					install
libxdmcp6:i386					install
libxerces2-java					install
libxext6:amd64					install
libxext6:i386					install
libxfixes3:amd64				install
libxfixes3:i386					install
libxfont1:amd64					install
libxft2:amd64					install
libxft2:i386					install
libxi6:amd64					install
libxi6:i386					install
libxinerama1:amd64				install
libxinerama1:i386				install
libxkbcommon0:amd64				install
libxkbfile1:amd64				install
libxklavier16					install
libxml-commons-external-java			install
libxml-commons-resolver1.1-java			install
libxml-libxml-perl				install
libxml-namespacesupport-perl			install
libxml-parser-perl				install
libxml-sax-base-perl				install
libxml-sax-expat-perl				install
libxml-sax-perl					install
libxml-simple-perl				install
libxml2:amd64					install
libxml2:i386					install
libxml2-utils					install
libxmmsclient-glib1				install
libxmmsclient6					install
libxmu6:amd64					install
libxmu6:i386					deinstall
libxmuu1:amd64					install
libxp6:amd64					install
libxp6:i386					deinstall
libxpm4:amd64					install
libxpm4:i386					install
libxrandr2:amd64				install
libxrandr2:i386					install
libxrender1:amd64				install
libxrender1:i386				install
libxres1:amd64					install
libxslt1.1:amd64				install
libxslt1.1:i386					install
libxss1:amd64					install
libxss1:i386					deinstall
libxt-dev:amd64					install
libxt6:amd64					install
libxt6:i386					install
libxtables10					install
libxtst6:amd64					install
libxtst6:i386					deinstall
libxv1:amd64					install
libxv1:i386					install
libxvidcore4:amd64				install
libxvmc1					install
libxxf86dga1:amd64				install
libxxf86vm1:amd64				install
libxxf86vm1:i386				install
libyajl2:amd64					install
libyaml-0-2:amd64				install
libyaml-cpp0.3:amd64				install
libyaml-tiny-perl				install
libyelp0					install
libzbar0					install
libzeitgeist-1.0-1				install
libzeitgeist-2.0-0:amd64			install
libzephyr4:amd64				install
libzip2						install
libzvbi-common					install
libzvbi0:amd64					install
lightdm						install
lightdm-kde-greeter				install
lintian						deinstall
linux-firmware					install
linux-generic					install
linux-headers-3.11.0-14				install
linux-headers-3.11.0-14-generic			install
linux-headers-3.5.0-17				install
linux-headers-3.5.0-17-generic			install
linux-headers-generic				install
linux-image-3.11.0-14-generic			install
linux-image-3.5.0-17-generic			install
linux-image-extra-3.11.0-14-generic		install
linux-image-extra-3.5.0-17-generic		install
linux-image-generic				install
linux-libc-dev:amd64				install
linux-sound-base				install
linuxmint-keyring				install
lm-sensors					install
locales						install
lockfile-progs					install
login						install
logrotate					install
lp-solve					install
lsb-base					install
lsb-release					install
lshw						install
lsof						install
ltrace						install
lupin-support					install
lxappearance					install
lxde						install
lxde-common					install
lxde-core					install
lxde-icon-theme					install
lxinput						install
lxmenu-data					install
lxmusic						install
lxpanel						install
lxrandr						install
lxsession					install
lxsession-data					install
lxsession-edit					install
lxsession-logout				install
lxshortcut					install
lxterminal					install
m4						install
make						install
makedev						install
man-db						install
manpages					install
manpages-dev					install
mawk						install
mdm						install
media-player-info				install
medibuntu-keyring				install
memtest86+					install
menu						install
menu-xdg					install
mesa-utils					install
metacity					install
metacity-common					install
mime-support					install
minitube					install
mint-artwork-cinnamon				install
mint-artwork-common				install
mint-artwork-gnome				install
mint-backgrounds-nadia				install
mint-backgrounds-nadia-extra			install
mint-backgrounds-petra				install
mint-common					install
mint-flashplugin				install
mint-flashplugin-11				install
mint-info-cinnamon				install
mint-local-repository				install
mint-mdm-themes					install
mint-meta-core					install
mint-mirrors					install
mint-search-addon				install
mint-stylish-addon				install
mint-themes					install
mint-translations				install
mint-x-icons					install
mintbackup					install
mintdrivers					install
mintinstall					install
mintinstall-icons				install
mintnanny					install
mintsources					install
mintstick					install
mintsystem					install
mintupdate					install
mintupload					install
mintwelcome					install
mintwifi					install
mlocate						install
mobile-broadband-provider-info			install
modemmanager					deinstall
module-assistant				install
module-init-tools				install
mono-4.0-gac					install
mono-gac					install
mono-runtime					install
mount						install
mountall					install
mousetweaks					install
mplayer2					install
mscompress					install
mtools						install
mtp-tools					install
mtpfs						install
mtr-tiny					install
muffin-common					install
multiarch-support				install
muon						install
muon-discover					install
muon-notifier					install
muon-updater					install
musescore-soundfont-gm				install
mysql-client-core-5.5				install
mysql-common					install
mysql-server-core-5.5				install
nano						install
nautilus					install
nautilus-data					install
nautilus-sendto					install
ncurses-base					install
ncurses-bin					install
ndisgtk						install
ndiswrapper-common				install
ndiswrapper-utils-1.9				install
nemo						install
nemo-data					install
nemo-fileroller					install
nemo-share					install
nepomuk-core-data				install
nepomuk-core-runtime				install
net-tools					install
netbase						install
netcat-openbsd					install
network-manager					install
network-manager-gnome				install
network-manager-pptp				install
network-manager-pptp-gnome			install
notification-daemon				install
notify-osd					install
notify-osd-icons				install
ntfs-3g						install
ntfs-config					install
ntpdate						install
ntrack-module-libnl-0				install
numlockx					install
nux-tools					install
nvidia-304					install
nvidia-common					install
nvidia-current					install
nvidia-libopencl1-304				install
nvidia-opencl-icd-304				install
nvidia-settings					install
obconf						install
obex-data-server				install
obexd-client					install
odbcinst					install
odbcinst1debian2:amd64				install
odbcinst1debian2:i386				deinstall
ofono						install
okular						install
okular-extra-backends				install
openbox						install
openbox-themes					install
openjdk-7-jdk:amd64				install
openjdk-7-jre:amd64				install
openjdk-7-jre-headless:amd64			install
openjdk-7-jre-lib				install
openprinting-ppds				install
openssh-client					install
openssl						install
os-prober					install
oxygen-cursor-theme				install
oxygen-icon-theme				install
p11-kit						install
p7zip						install
p7zip-full					install
parted						install
partitionmanager				install
passwd						install
patch						install
patchutils					install
pciutils					install
pcmanfm						install
pcmciautils					install
perl						install
perl-base					install
perl-modules					install
phonon:amd64					install
phonon-backend-gstreamer:amd64			install
pidgin						install
pidgin-data					install
pidgin-extprefs					install
pidgin-facebookchat				install
pidgin-libnotify				install
pinentry-gtk2					install
pinentry-qt4					install
pkg-config					install
plasma-dataengines-addons			install
plasma-dataengines-workspace			install
plasma-desktop					install
plasma-netbook					install
plasma-nm					install
plasma-scriptengine-javascript			install
plasma-scriptengine-python			install
plasma-widget-facebook				install
plasma-widget-folderview			install
plasma-widget-homerun				install
plasma-widget-kimpanel				install
plasma-widget-menubar				install
plasma-widgets-addons				install
plasma-widgets-workspace			install
playonlinux					deinstall
plymouth					install
plymouth-label					install
plymouth-theme-kubuntu-logo			install
plymouth-theme-kubuntu-text			install
plymouth-theme-ubuntu-text			install
pm-utils					install
policykit-1					install
policykit-1-gnome				install
policykit-desktop-privileges			install
polkit-kde-1					install
poppler-data					install
poppler-utils					install
powermgmt-base					install
ppa-purge					install
ppp						install
pppconfig					install
pppoe						install
pppoeconf					install
pptp-linux					install
preload						install
primus						install
primus-libs:amd64				install
primus-libs:i386				install
primus-libs-ia32				install
print-manager					install
printer-driver-c2esp				install
printer-driver-foo2zjs				install
printer-driver-gutenprint			install
printer-driver-hpcups				install
printer-driver-hpijs				install
printer-driver-min12xxw				install
printer-driver-pnm2ppa				install
printer-driver-postscript-hp			install
printer-driver-ptouch				install
printer-driver-pxljr				install
printer-driver-sag-gdi				install
printer-driver-splix				install
procps						install
protobuf-compiler				install
psmisc						install
pulseaudio					install
pulseaudio-module-bluetooth			install
pulseaudio-module-x11				install
pulseaudio-utils				install
python						install
python-appindicator				install
python-apt					install
python-apt-common				install
python-aptdaemon				install
python-aptdaemon.gtk3widgets			install
python-awn					install
python-awn-extras				install
python-beautifulsoup				install
python-bzrlib					install
python-cairo					install
python-central					install
python-chardet					install
python-commandnotfound				install
python-compizconfig				install
python-configglue				install
python-configobj				install
python-crypto					install
python-cups					install
python-cupshelpers				install
python-dateutil					install
python-dbus					install
python-dbus-dev					install
python-debian					install
python-debtagshw				install
python-decoratortools				install
python-defer					install
python-desktop-agnostic				install
python-dirspec					install
python-feedparser				install
python-gconf					install
python-gdbm					install
python-gi					install
python-gi-cairo					install
python-glade2					install
python-gnome2					install
python-gnomedesktop				install
python-gnomekeyring				install
python-gnupginterface				install
python-gobject					install
python-gobject-2				install
python-gpgme					install
python-gst0.10					install
python-gtk2					install
python-gtksourceview2				install
python-httplib2					install
python-imaging					install
python-imaging-compat				install
python-kde4					install
python-keyring					install
python-launchpadlib				install
python-lazr.restfulclient			install
python-lazr.uri					install
python-libsmbios				install
python-libtorrent				install
python-libuser					install
python-libxml2					install
python-lxml					install
python-mako					install
python-markupsafe				install
python-minimal					install
python-netifaces				install
python-notify					install
python-numpy					install
python-oauth					install
python-oauthlib					install
python-opencv					install
python-openssl					install
python-pam					install
python-paramiko					install
python-parted					install
python-peak.util.decorators			install
python-pexpect					install
python-piston-mini-client			install
python-pkg-resources				install
python-protobuf					install
python-pyatspi					install
python-pyatspi2					install
python-pycurl					install
python-pygame					install
python-pyicu					install
python-pyinotify				install
python-pyorbit					install
python-pyudev					install
python-qt4					install
python-qt4-dbus					install
python-renderpm					install
python-reportlab				install
python-reportlab-accel				install
python-rpm					install
python-rsvg					install
python-secretstorage				install
python-serial					install
python-sexy					install
python-simplejson				install
python-sip					install
python-six					install
python-smbc					install
python-software-properties			install
python-support					install
python-twisted-bin				install
python-twisted-core				install
python-twisted-names				install
python-twisted-web				install
python-ubuntu-sso-client			install
python-utidylib					install
python-vte					install
python-wadllib					install
python-webkit					install
python-wxglade					install
python-wxgtk2.8					install
python-wxversion				install
python-xapian					install
python-xdg					install
python-xkit					install
python-xklavier					install
python-zeitgeist				install
python-zope.interface				install
python2.7					install
python2.7-minimal				install
python3						install
python3-apport					install
python3-apt					install
python3-aptdaemon				install
python3-aptdaemon.gtk3widgets			install
python3-aptdaemon.pkcompat			install
python3-brlapi					install
python3-cairo					install
python3-chardet					install
python3-commandnotfound				install
python3-crypto					install
python3-dbus					install
python3-dbus.mainloop.qt			install
python3-debian					install
python3-defer					install
python3-distupgrade				install
python3-gdbm:amd64				install
python3-gi					install
python3-gi-cairo				install
python3-httplib2				install
python3-louis					install
python3-lxml					install
python3-minimal					install
python3-oauthlib				install
python3-pkg-resources				install
python3-problem-report				install
python3-pyatspi					install
python3-pyatspi2				install
python3-pycurl					install
python3-pykde4					install
python3-pyqt4					install
python3-sip					install
python3-six					install
python3-software-properties			install
python3-speechd					install
python3-update-manager				install
python3-virtkey					install
python3-xkit					install
python3.2					install
python3.2-minimal				install
python3.3					install
python3.3-minimal				install
qapt-batch					install
qapt-deb-installer				install
qdbus						install
qpdf						install
qt-at-spi:amd64					install
qtchooser					install
qtdeclarative5-localstorage-plugin:amd64	install
qtdeclarative5-qtfeedback-plugin:amd64		install
qtdeclarative5-qtquick2-plugin:amd64		install
qtdeclarative5-ubuntu-ui-toolkit-plugin:amd64	install
qtdeclarative5-unity-action-plugin:amd64	install
qtdeclarative5-window-plugin:amd64		install
quassel						install
quassel-data					install
radeontool					install
rarian-compat					install
readline-common					install
realpath					install
redshift					install
rekonq						install
remote-login-service				install
resolvconf					install
rfkill						install
rhythmbox					install
rhythmbox-data					install
rhythmbox-mozilla				install
rhythmbox-plugin-cdrecorder			install
rhythmbox-plugin-zeitgeist			install
rhythmbox-plugins				install
rpm						install
rpm-common					install
rpm2cpio					install
rsync						install
rsyslog						install
rtkit						install
rtmpdump					install
ruby						install
ruby1.9.1					install
samba						install
samba-common					install
samba-common-bin				install
sane-utils					install
scdaemon					install
screen-resolution-extra				install
scrot						install
seahorse					install
sed						install
sensible-utils					install
session-migration				install
sessioninstaller				install
sgml-base					install
sgml-data					install
shared-desktop-ontologies			install
shared-mime-info				install
shotwell					deinstall
signon-keyring-extension			install
signon-plugin-oauth2				install
signon-plugin-password				install
signon-ui					install
signond						install
simple-scan					install
skanlite					install
smartmontools					install
smbclient					install
smbios-utils					install
sni-qt:amd64					install
socat						install
software-properties-common			install
software-properties-gtk				install
software-properties-kde				install
soprano-daemon					install
sound-theme-freedesktop				install
sox						deinstall
speech-dispatcher				install
sphinx-voxforge-hmm-en				install
sphinx-voxforge-lm-en				install
ssh-askpass-gnome				install
ssl-cert					install
strace						install
sublime-text					install
subversion					install
sudo						install
synaptic					install
syslinux					install
syslinux-common					install
syslinux-legacy					install
system-config-printer-common			install
system-config-printer-gnome			install
system-config-printer-udev			install
system-config-samba				install
systemd-services				install
systemd-shim					install
systemsettings					install
sysv-rc						install
sysvinit-utils					install
tar						install
tcl8.4						install
tcl8.5						install
tcl8.5-lib:amd64				install
tcpd						install
tcpdump						install
tdb-tools					install
telepathy-gabble				install
telepathy-haze					install
telepathy-logger				install
telepathy-mission-control-5			install
telepathy-ring					install
telepathy-salut					install
telepathy-whosthere				install
telnet						install
thin-client-config-agent			install
thunderbird					install
thunderbird-gnome-support			install
time						install
tk8.4						install
tlp						install
tlp-rdw						install
tomboy						install
tor						install
tor-geoipdb					install
torsocks					install
toshset						install
totem						install
totem-common					install
totem-mozilla					install
totem-plugins					install
totem-plugins-extra				install
transmission-common				install
transmission-gtk				install
tsconf						install
ttf-dejavu					install
ttf-dejavu-core					install
ttf-dejavu-extra				install
ttf-indic-fonts-core				install
ttf-mscorefonts-installer			install
ttf-oxygen-font-family				install
ttf-punjabi-fonts				install
ttf-ubuntu-font-family				install
ttf-wqy-microhei				install
ttf-wqy-zenhei					install
tzdata						install
tzdata-java					install
ubiquity-slideshow-mint				install
ubuntu-drivers-common				install
ubuntu-extras-keyring				install
ubuntu-keyring					install
ubuntu-minimal					install
ubuntu-release-upgrader-core			install
ubuntu-release-upgrader-qt			install
ubuntu-settings					install
ubuntu-sso-client				install
ubuntu-system-adjustments			install
ubuntu-system-service				install
ubuntu-ui-toolkit-theme				install
ucf						install
udev						install
udisks						install
udisks2						install
ufw						install
uget						install
unattended-upgrades				install
unity-asset-pool				install
unity-webapps-service				install
unixodbc					install
uno-libs3					install
unrar						install
unshield					install
unzip						install
update-inetd					install
update-notifier-common				install
upower						install
upstart						install
ure						install
ureadahead					install
usb-creator-common				install
usb-creator-kde					install
usb-modeswitch					install
usb-modeswitch-data				install
usbmuxd						install
usbutils					install
user-manager					install
user-setup					install
util-linux					install
uuid-runtime					install
vbetool						install
vcdimager					install
vim-common					install
vim-tiny					install
vino						install
virtualbox-guest-utils				install
virtualbox-guest-x11				install
virtualgl					install
virtualgl-libs:amd64				install
virtualgl-libs:i386				install
virtualgl-libs-ia32				install
virtuoso-minimal				install
virtuoso-opensource-6.1-bin			install
virtuoso-opensource-6.1-common			install
vlc						install
vlc-data					install
vlc-nox						install
vlc-plugin-notify				install
vlc-plugin-pulse				install
vsd2odg						install
w64codecs					install
wamerican					install
wget						install
whiptail					install
whosthere					install
winbind						install
wine						install
wine-gecko1.4:amd64				install
wine-gecko1.4:i386				install
wine1.4						install
wine1.4-amd64					install
wine1.4-i386					install
winetricks					install
winff						install
winff-doc					install
winff-gtk2					install
wireless-regdb					install
wireless-tools					install
wodim						install
wpasupplicant					install
wvdial						install
x11-apps					install
x11-common					install
x11-session-utils				install
x11-utils					install
x11-xfs-utils					install
x11-xkb-utils					install
x11-xserver-utils				install
x11proto-core-dev				install
x11proto-input-dev				install
x11proto-kb-dev					install
xarchiver					install
xauth						install
xaw3dg:i386					deinstall
xbitmaps					install
xchat						install
xchat-common					install
xclip						install
xcursor-themes					install
xdg-user-dirs					install
xdg-user-dirs-gtk				install
xdg-utils					install
xfonts-base					install
xfonts-encodings				install
xfonts-mathml					install
xfonts-scalable					install
xfonts-utils					install
xinit						install
xinput						install
xkb-data					install
xml-core					install
xmms2-core					install
xmms2-plugin-alsa				install
xmms2-plugin-id3v2				install
xmms2-plugin-mad				install
xmms2-plugin-vorbis				install
xorg						install
xorg-docs-core					install
xorg-sgml-doctools				install
xscreensaver					install
xscreensaver-data				install
xserver-common					install
xserver-xephyr					install
xserver-xorg					install
xserver-xorg-core				install
xserver-xorg-input-evdev			install
xserver-xorg-input-synaptics			install
xserver-xorg-input-wacom			install
xserver-xorg-video-cirrus			install
xserver-xorg-video-mga				install
xserver-xorg-video-modesetting			install
xserver-xorg-video-openchrome			install
xserver-xorg-video-qxl				install
xserver-xorg-video-radeon			install
xserver-xorg-video-tdfx				install
xserver-xorg-video-vmware			install
xterm						install
xtrans-dev					install
xz-utils					install
y-ppa-manager					install
yad						install
yelp						install
yelp-xsl					install
youtube-dl					install
yowsup						install
zeitgeist					install
zeitgeist-core					install
zeitgeist-datahub				install
zenity						install
zenity-common					install
zip						install
zlib1g:amd64					install
zlib1g:i386					install
zramswap-enabler				install
